<?xml version="1.0" encoding="UTF-8"?>
<testng-results ignored="0" total="1" passed="1" failed="0" skipped="0">
  <reporter-output>
  </reporter-output>
  <suite started-at="2020-07-17T21:03:38 IST" name="Default suite" finished-at="2020-07-17T21:04:04 IST" duration-ms="26092">
    <groups>
    </groups>
    <test started-at="2020-07-17T21:03:38 IST" name="Default test" finished-at="2020-07-17T21:04:04 IST" duration-ms="26092">
      <class name="demo.login">
        <test-method is-config="true" signature="begin()[pri:0, instance:demo.login@65466a6a]" started-at="2020-07-17T21:03:38 IST" name="begin" finished-at="2020-07-17T21:04:00 IST" duration-ms="22576" status="PASS">
          <reporter-output>
          </reporter-output>
        </test-method> <!-- begin -->
        <test-method signature="launch()[pri:0, instance:demo.login@65466a6a]" started-at="2020-07-17T21:04:00 IST" name="launch" finished-at="2020-07-17T21:04:03 IST" duration-ms="2206" status="PASS">
          <reporter-output>
          </reporter-output>
        </test-method> <!-- launch -->
        <test-method is-config="true" signature="quit()[pri:0, instance:demo.login@65466a6a]" started-at="2020-07-17T21:04:03 IST" name="quit" finished-at="2020-07-17T21:04:04 IST" duration-ms="1262" status="PASS">
          <reporter-output>
          </reporter-output>
        </test-method> <!-- quit -->
      </class> <!-- demo.login -->
    </test> <!-- Default test -->
  </suite> <!-- Default suite -->
</testng-results>
